TN:
SF:src/app.controller.ts
FN:6,(anonymous_2)
FN:9,(anonymous_3)
FNF:2
FNH:2
FNDA:1,(anonymous_2)
FNDA:1,(anonymous_3)
DA:1,3
DA:2,3
DA:5,3
DA:6,1
DA:9,3
DA:10,1
LF:6
LH:6
BRF:0
BRH:0
end_of_record
TN:
SF:src/app.module.ts
FNF:0
FNH:0
DA:1,2
DA:2,2
DA:3,2
DA:4,2
DA:5,2
DA:6,2
DA:7,2
DA:8,2
DA:9,2
DA:10,2
DA:11,2
DA:12,2
DA:13,2
DA:31,2
LF:14
LH:14
BRF:0
BRH:0
end_of_record
TN:
SF:src/app.service.ts
FN:5,(anonymous_1)
FNF:1
FNH:1
FNDA:2,(anonymous_1)
DA:1,4
DA:4,4
DA:6,2
LF:3
LH:3
BRF:0
BRH:0
end_of_record
TN:
SF:src/admin/admin.controller.ts
FN:15,(anonymous_4)
FN:18,(anonymous_5)
FN:25,(anonymous_6)
FN:33,(anonymous_7)
FNF:4
FNH:4
FNDA:1,(anonymous_4)
FNDA:2,(anonymous_5)
FNDA:2,(anonymous_6)
FNDA:1,(anonymous_7)
DA:1,3
DA:2,3
DA:3,3
DA:4,3
DA:5,3
DA:6,3
DA:7,3
DA:8,3
DA:9,3
DA:14,3
DA:15,1
DA:18,3
DA:19,2
DA:20,2
DA:21,2
DA:25,3
DA:29,2
DA:33,3
DA:34,1
LF:19
LH:19
BRDA:19,0,0,2
BRDA:19,0,1,1
BRDA:20,1,0,2
BRDA:20,1,1,1
BRDA:29,2,0,1
BRDA:29,2,1,1
BRF:6
BRH:6
end_of_record
TN:
SF:src/admin/admin.module.ts
FNF:0
FNH:0
DA:1,2
DA:2,2
DA:3,2
DA:4,2
DA:10,2
LF:5
LH:5
BRF:0
BRH:0
end_of_record
TN:
SF:src/admin/dto/update-ban-status.dto.ts
FNF:0
FNH:0
DA:1,3
DA:3,3
DA:5,3
LF:3
LH:3
BRF:0
BRH:0
end_of_record
TN:
SF:src/auth/auth.controller.ts
FN:9,(anonymous_4)
FN:13,(anonymous_5)
FN:18,(anonymous_6)
FN:47,(anonymous_7)
FN:53,(anonymous_8)
FNF:5
FNH:5
FNDA:1,(anonymous_4)
FNDA:1,(anonymous_5)
FNDA:4,(anonymous_6)
FNDA:1,(anonymous_7)
FNDA:1,(anonymous_8)
DA:1,4
DA:2,4
DA:3,4
DA:4,4
DA:8,4
DA:9,1
DA:13,4
DA:14,1
DA:18,4
DA:19,4
DA:20,4
DA:22,4
DA:23,1
DA:26,3
DA:27,3
DA:28,1
DA:31,2
DA:32,2
DA:33,2
DA:35,2
DA:36,2
DA:37,2
DA:38,2
DA:42,2
DA:47,4
DA:48,1
DA:49,1
DA:53,4
DA:54,1
LF:29
LH:29
BRDA:19,0,0,4
BRDA:19,0,1,2
BRDA:20,1,0,1
BRDA:20,1,1,3
BRDA:22,2,0,1
BRDA:22,2,1,3
BRDA:22,3,0,4
BRDA:22,3,1,3
BRDA:27,4,0,1
BRDA:27,4,1,2
BRDA:35,5,0,2
BRDA:35,5,1,1
BRF:12
BRH:12
end_of_record
TN:
SF:src/auth/auth.module.ts
FN:13,(anonymous_1)
FNF:1
FNH:1
FNDA:1,(anonymous_1)
DA:1,3
DA:2,3
DA:3,3
DA:4,3
DA:5,3
DA:6,3
DA:7,3
DA:8,3
DA:9,3
DA:10,3
DA:11,3
DA:13,3
DA:34,3
LF:13
LH:13
BRF:0
BRH:0
end_of_record
TN:
SF:src/auth/auth.service.ts
FN:14,(anonymous_11)
FN:21,(anonymous_12)
FN:39,(anonymous_13)
FN:58,(anonymous_14)
FN:67,(anonymous_15)
FNF:5
FNH:5
FNDA:1,(anonymous_11)
FNDA:4,(anonymous_12)
FNDA:3,(anonymous_13)
FNDA:2,(anonymous_14)
FNDA:1,(anonymous_15)
DA:1,6
DA:2,6
DA:3,6
DA:4,6
DA:5,6
DA:6,6
DA:7,6
DA:13,6
DA:15,1
DA:16,1
DA:17,1
DA:18,1
DA:22,4
DA:23,4
DA:24,1
DA:27,3
DA:28,1
DA:31,2
DA:32,2
DA:33,1
DA:36,1
DA:40,3
DA:41,1
DA:44,2
DA:45,2
DA:46,1
DA:54,2
DA:55,2
DA:59,2
DA:68,1
DA:75,1
LF:31
LH:31
BRDA:23,0,0,1
BRDA:23,0,1,3
BRDA:23,1,0,4
BRDA:23,1,1,3
BRDA:27,2,0,1
BRDA:27,2,1,2
BRDA:32,3,0,1
BRDA:32,3,1,1
BRDA:40,4,0,1
BRDA:40,4,1,2
BRDA:45,5,0,1
BRDA:45,5,1,1
BRF:12
BRH:12
end_of_record
TN:
SF:src/auth/dto/login.dto.ts
FNF:0
FNH:0
DA:1,4
DA:3,4
DA:5,4
DA:9,4
LF:4
LH:4
BRF:0
BRH:0
end_of_record
TN:
SF:src/auth/strategies/jwt.strategy.ts
FN:10,(anonymous_2)
FN:18,(anonymous_3)
FNF:2
FNH:2
FNDA:1,(anonymous_2)
FNDA:1,(anonymous_3)
DA:1,4
DA:2,4
DA:3,4
DA:4,4
DA:9,4
DA:11,1
DA:19,1
LF:7
LH:7
BRF:0
BRH:0
end_of_record
TN:
SF:src/auth/strategies/local.strategy.ts
FN:8,(anonymous_2)
FN:12,(anonymous_3)
FNF:2
FNH:2
FNDA:1,(anonymous_2)
FNDA:1,(anonymous_3)
DA:1,4
DA:2,4
DA:3,4
DA:4,4
DA:7,4
DA:8,1
DA:9,1
DA:13,1
LF:8
LH:8
BRF:0
BRH:0
end_of_record
TN:
SF:src/auth/strategies/steam.strategy.ts
FN:10,(anonymous_2)
FN:20,(anonymous_3)
FNF:2
FNH:2
FNDA:1,(anonymous_2)
FNDA:1,(anonymous_3)
DA:1,4
DA:2,4
DA:3,4
DA:4,4
DA:5,4
DA:9,4
DA:10,1
DA:11,1
DA:12,1
DA:13,1
DA:21,1
DA:25,1
LF:12
LH:12
BRF:0
BRH:0
end_of_record
TN:
SF:src/bug-reports/bug-reports.controller.ts
FN:17,(anonymous_4)
FN:20,(anonymous_5)
FN:29,(anonymous_6)
FN:38,(anonymous_7)
FN:45,(anonymous_8)
FN:56,(anonymous_9)
FNF:6
FNH:6
FNDA:1,(anonymous_4)
FNDA:1,(anonymous_5)
FNDA:1,(anonymous_6)
FNDA:1,(anonymous_7)
FNDA:1,(anonymous_8)
FNDA:1,(anonymous_9)
DA:1,3
DA:2,3
DA:4,3
DA:5,3
DA:6,3
DA:7,3
DA:8,3
DA:9,3
DA:10,3
DA:11,3
DA:12,3
DA:16,3
DA:17,1
DA:20,3
DA:25,1
DA:29,3
DA:34,1
DA:38,3
DA:39,1
DA:45,3
DA:50,1
DA:56,3
DA:61,1
LF:23
LH:23
BRF:0
BRH:0
end_of_record
TN:
SF:src/bug-reports/bug-reports.module.ts
FNF:0
FNH:0
DA:1,2
DA:2,2
DA:3,2
DA:10,2
LF:4
LH:4
BRF:0
BRH:0
end_of_record
TN:
SF:src/bug-reports/bug-reports.service.ts
FN:21,(anonymous_2)
FN:26,(anonymous_3)
FN:34,(anonymous_4)
FN:49,(anonymous_5)
FN:81,(anonymous_6)
FN:103,(anonymous_7)
FN:114,(anonymous_8)
FN:133,(anonymous_9)
FN:145,(anonymous_10)
FN:171,(anonymous_11)
FN:193,(anonymous_12)
FNF:11
FNH:11
FNDA:1,(anonymous_2)
FNDA:7,(anonymous_3)
FNDA:1,(anonymous_4)
FNDA:4,(anonymous_5)
FNDA:6,(anonymous_6)
FNDA:1,(anonymous_7)
FNDA:5,(anonymous_8)
FNDA:4,(anonymous_9)
FNDA:2,(anonymous_10)
FNDA:3,(anonymous_11)
FNDA:1,(anonymous_12)
DA:1,6
DA:2,6
DA:4,6
DA:5,6
DA:6,6
DA:11,6
DA:17,6
DA:20,6
DA:22,1
DA:23,1
DA:27,7
DA:28,7
DA:29,1
DA:31,6
DA:35,1
DA:36,1
DA:38,1
DA:50,4
DA:52,4
DA:54,4
DA:55,1
DA:61,4
DA:62,2
DA:63,1
DA:65,1
DA:66,2
DA:67,1
DA:70,3
DA:82,6
DA:95,6
DA:96,1
DA:99,5
DA:100,3
DA:104,1
DA:115,5
DA:117,5
DA:118,1
DA:121,4
DA:122,2
DA:123,1
DA:125,1
DA:128,2
DA:129,1
DA:134,4
DA:136,3
DA:137,1
DA:141,2
DA:145,2
DA:146,2
DA:150,2
DA:158,2
DA:159,1
DA:167,2
DA:172,3
DA:173,3
DA:175,3
DA:176,1
DA:179,2
DA:188,2
DA:189,2
DA:190,1
DA:193,1
DA:194,1
DA:195,1
DA:203,1
LF:65
LH:65
BRDA:28,0,0,1
BRDA:28,0,1,6
BRDA:54,1,0,1
BRDA:54,1,1,3
BRDA:61,2,0,2
BRDA:61,2,1,2
BRDA:62,3,0,1
BRDA:62,3,1,1
BRDA:62,4,0,2
BRDA:62,4,1,1
BRDA:66,5,0,1
BRDA:66,5,1,1
BRDA:95,6,0,1
BRDA:95,6,1,5
BRDA:117,7,0,1
BRDA:117,7,1,4
BRDA:121,8,0,2
BRDA:121,8,1,2
BRDA:122,9,0,1
BRDA:122,9,1,1
BRDA:128,10,0,1
BRDA:128,10,1,1
BRDA:128,11,0,2
BRDA:128,11,1,2
BRDA:128,11,2,1
BRDA:136,12,0,1
BRDA:136,12,1,2
BRDA:141,13,0,1
BRDA:141,13,1,1
BRDA:158,14,0,1
BRDA:158,14,1,1
BRDA:175,15,0,1
BRDA:175,15,1,2
BRDA:175,16,0,3
BRDA:175,16,1,2
BRDA:189,17,0,1
BRDA:189,17,1,1
BRF:37
BRH:37
end_of_record
TN:
SF:src/bug-reports/dto/admin-review-bug-report.dto.ts
FN:3,(anonymous_2)
FNF:1
FNH:1
FNDA:6,(anonymous_2)
DA:1,6
DA:3,6
DA:4,6
DA:5,6
DA:8,6
DA:10,6
DA:14,6
LF:7
LH:7
BRDA:3,0,0,6
BRDA:3,0,1,6
BRF:2
BRH:2
end_of_record
TN:
SF:src/bug-reports/dto/create-bug-report.dto.ts
FNF:0
FNH:0
DA:1,3
DA:3,3
DA:6,3
DA:10,3
LF:4
LH:4
BRF:0
BRH:0
end_of_record
TN:
SF:src/bug-reports/dto/developer-update-status.dto.ts
FNF:0
FNH:0
DA:1,3
DA:2,3
DA:4,3
DA:6,3
LF:4
LH:4
BRF:0
BRH:0
end_of_record
TN:
SF:src/bug-reports/dto/filter-bug-reports.dto.ts
FNF:0
FNH:0
DA:1,4
DA:2,4
DA:4,4
DA:7,4
LF:4
LH:4
BRF:0
BRH:0
end_of_record
TN:
SF:src/common/common.module.ts
FNF:0
FNH:0
DA:1,2
DA:2,2
DA:9,2
LF:3
LH:3
BRF:0
BRH:0
end_of_record
TN:
SF:src/common/decorators/current-user.decorator.ts
FN:5,(anonymous_0)
FNF:1
FNH:1
FNDA:2,(anonymous_0)
DA:1,10
DA:4,10
DA:6,2
DA:7,2
LF:4
LH:4
BRDA:7,0,0,2
BRDA:7,0,1,1
BRF:2
BRH:2
end_of_record
TN:
SF:src/common/decorators/roles.decorator.ts
FN:5,(anonymous_0)
FNF:1
FNH:1
FNDA:34,(anonymous_0)
DA:1,9
DA:4,9
DA:5,34
LF:3
LH:3
BRF:0
BRH:0
end_of_record
TN:
SF:src/common/dto/pagination-query.dto.ts
FN:6,(anonymous_2)
FN:12,(anonymous_3)
FNF:2
FNH:2
FNDA:2,(anonymous_2)
FNDA:1,(anonymous_3)
DA:1,4
DA:2,4
DA:4,4
DA:6,2
DA:9,4
DA:12,1
DA:15,4
LF:7
LH:7
BRF:0
BRH:0
end_of_record
TN:
SF:src/common/guards/jwt-auth.guard.ts
FNF:0
FNH:0
DA:1,10
DA:2,10
DA:5,10
LF:3
LH:3
BRF:0
BRH:0
end_of_record
TN:
SF:src/common/guards/optional-jwt.guard.ts
FN:6,(anonymous_1)
FN:15,(anonymous_2)
FNF:2
FNH:2
FNDA:2,(anonymous_1)
FNDA:3,(anonymous_2)
DA:1,4
DA:2,4
DA:5,4
DA:7,2
DA:8,2
DA:9,2
DA:10,1
DA:12,1
DA:16,3
DA:17,1
DA:19,2
LF:11
LH:11
BRDA:9,0,0,1
BRDA:9,0,1,1
BRDA:16,1,0,1
BRDA:16,1,1,2
BRDA:19,2,0,2
BRDA:19,2,1,1
BRF:6
BRH:6
end_of_record
TN:
SF:src/common/guards/roles.guard.ts
FN:8,(anonymous_2)
FN:10,(anonymous_3)
FNF:2
FNH:2
FNDA:3,(anonymous_2)
FNDA:4,(anonymous_3)
DA:1,8
DA:2,8
DA:4,8
DA:7,8
DA:8,3
DA:11,4
DA:16,4
DA:17,1
DA:20,3
DA:21,3
DA:23,3
DA:24,1
DA:27,2
LF:13
LH:13
BRDA:16,0,0,1
BRDA:16,0,1,3
BRDA:16,1,0,4
BRDA:16,1,1,3
BRDA:23,2,0,1
BRDA:23,2,1,2
BRDA:23,3,0,3
BRDA:23,3,1,2
BRF:8
BRH:8
end_of_record
TN:
SF:src/common/services/authorization.service.ts
FN:8,(anonymous_2)
FN:10,(anonymous_3)
FN:18,(anonymous_4)
FN:26,(anonymous_5)
FN:36,(anonymous_6)
FN:60,(anonymous_7)
FN:82,(anonymous_8)
FNF:7
FNH:7
FNDA:1,(anonymous_2)
FNDA:13,(anonymous_3)
FNDA:6,(anonymous_4)
FNDA:4,(anonymous_5)
FNDA:5,(anonymous_6)
FNDA:5,(anonymous_7)
FNDA:3,(anonymous_8)
DA:1,10
DA:2,10
DA:3,10
DA:7,10
DA:8,1
DA:11,13
DA:12,13
DA:13,1
DA:15,12
DA:19,6
DA:20,6
DA:21,2
DA:23,4
DA:27,4
DA:28,3
DA:31,3
DA:32,1
DA:37,5
DA:38,5
DA:39,1
DA:42,4
DA:43,1
DA:46,3
DA:55,3
DA:56,1
DA:61,5
DA:62,1
DA:65,4
DA:66,1
DA:69,3
DA:70,1
DA:71,1
DA:74,2
DA:75,1
DA:76,1
DA:79,1
DA:83,3
DA:84,2
DA:86,1
LF:39
LH:39
BRDA:12,0,0,1
BRDA:12,0,1,12
BRDA:20,1,0,2
BRDA:20,1,1,4
BRDA:31,2,0,1
BRDA:31,2,1,2
BRDA:38,3,0,1
BRDA:38,3,1,4
BRDA:38,4,0,5
BRDA:38,4,1,2
BRDA:42,5,0,1
BRDA:42,5,1,3
BRDA:55,6,0,1
BRDA:55,6,1,2
BRDA:61,7,0,1
BRDA:61,7,1,4
BRDA:65,8,0,1
BRDA:65,8,1,3
BRDA:69,9,0,1
BRDA:69,9,1,2
BRDA:74,10,0,1
BRDA:74,10,1,1
BRDA:83,11,0,2
BRDA:83,11,1,1
BRDA:83,12,0,3
BRDA:83,12,1,2
BRF:26
BRH:26
end_of_record
TN:
SF:src/developers/developers.controller.ts
FN:16,(anonymous_4)
FN:19,(anonymous_5)
FN:27,(anonymous_6)
FNF:3
FNH:3
FNDA:1,(anonymous_4)
FNDA:1,(anonymous_5)
FNDA:1,(anonymous_6)
DA:1,3
DA:2,3
DA:4,3
DA:5,3
DA:6,3
DA:7,3
DA:8,3
DA:9,3
DA:10,3
DA:15,3
DA:16,1
DA:19,3
DA:20,1
DA:27,3
DA:32,1
LF:15
LH:15
BRF:0
BRH:0
end_of_record
TN:
SF:src/developers/developers.module.ts
FNF:0
FNH:0
DA:1,2
DA:2,2
DA:3,2
DA:9,2
LF:4
LH:4
BRF:0
BRH:0
end_of_record
TN:
SF:src/forum/forum.module.ts
FNF:0
FNH:0
DA:1,2
DA:2,2
DA:3,2
DA:4,2
DA:5,2
DA:11,2
LF:6
LH:6
BRF:0
BRH:0
end_of_record
TN:
SF:src/forum/posts/posts.controller.ts
FN:16,(anonymous_4)
FN:19,(anonymous_5)
FN:27,(anonymous_6)
FN:36,(anonymous_7)
FN:47,(anonymous_8)
FN:54,(anonymous_9)
FNF:6
FNH:6
FNDA:1,(anonymous_4)
FNDA:1,(anonymous_5)
FNDA:1,(anonymous_6)
FNDA:1,(anonymous_7)
FNDA:1,(anonymous_8)
FNDA:1,(anonymous_9)
DA:1,3
DA:2,3
DA:4,3
DA:5,3
DA:6,3
DA:7,3
DA:8,3
DA:9,3
DA:10,3
DA:11,3
DA:15,3
DA:16,1
DA:19,3
DA:23,1
DA:27,3
DA:32,1
DA:36,3
DA:41,1
DA:47,3
DA:48,1
DA:54,3
DA:55,1
LF:22
LH:22
BRF:0
BRH:0
end_of_record
TN:
SF:src/forum/posts/posts.service.ts
FN:11,(anonymous_2)
FN:16,(anonymous_3)
FN:24,(anonymous_4)
FN:32,(anonymous_5)
FN:41,(anonymous_6)
FN:59,(anonymous_7)
FN:67,(anonymous_8)
FN:72,(anonymous_9)
FNF:8
FNH:8
FNDA:1,(anonymous_2)
FNDA:5,(anonymous_3)
FNDA:4,(anonymous_4)
FNDA:2,(anonymous_5)
FNDA:2,(anonymous_6)
FNDA:2,(anonymous_7)
FNDA:1,(anonymous_8)
FNDA:1,(anonymous_9)
DA:1,4
DA:2,4
DA:4,4
DA:5,4
DA:10,4
DA:12,1
DA:13,1
DA:17,5
DA:18,5
DA:19,1
DA:21,4
DA:25,4
DA:26,4
DA:27,1
DA:29,3
DA:33,2
DA:34,1
DA:35,1
DA:42,2
DA:43,2
DA:44,2
DA:46,2
DA:47,1
DA:50,1
DA:60,2
DA:61,1
DA:62,1
DA:63,1
DA:64,1
DA:68,1
DA:69,1
DA:73,1
DA:74,1
LF:33
LH:33
BRDA:18,0,0,1
BRDA:18,0,1,4
BRDA:26,1,0,1
BRDA:26,1,1,3
BRDA:46,2,0,1
BRDA:46,2,1,1
BRDA:46,3,0,2
BRDA:46,3,1,1
BRF:8
BRH:8
end_of_record
TN:
SF:src/forum/posts/dto/create-post.dto.ts
FNF:0
FNH:0
DA:1,3
DA:3,3
DA:6,3
LF:3
LH:3
BRF:0
BRH:0
end_of_record
TN:
SF:src/forum/posts/dto/set-spoiler.dto.ts
FNF:0
FNH:0
DA:1,3
DA:3,3
DA:5,3
LF:3
LH:3
BRF:0
BRH:0
end_of_record
TN:
SF:src/forum/posts/dto/update-post.dto.ts
FNF:0
FNH:0
DA:1,3
DA:2,3
DA:4,3
LF:3
LH:3
BRF:0
BRH:0
end_of_record
TN:
SF:src/forum/threads/threads.controller.ts
FN:17,(anonymous_4)
FN:23,(anonymous_5)
FN:29,(anonymous_6)
FN:38,(anonymous_7)
FN:45,(anonymous_8)
FN:56,(anonymous_9)
FN:63,(anonymous_10)
FNF:7
FNH:7
FNDA:1,(anonymous_4)
FNDA:1,(anonymous_5)
FNDA:1,(anonymous_6)
FNDA:1,(anonymous_7)
FNDA:1,(anonymous_8)
FNDA:1,(anonymous_9)
FNDA:1,(anonymous_10)
DA:1,3
DA:2,3
DA:4,3
DA:5,3
DA:6,3
DA:7,3
DA:8,3
DA:9,3
DA:10,3
DA:11,3
DA:12,3
DA:16,3
DA:18,1
DA:19,1
DA:23,3
DA:24,1
DA:25,1
DA:29,3
DA:34,1
DA:38,3
DA:39,1
DA:40,1
DA:41,1
DA:45,3
DA:50,1
DA:56,3
DA:57,1
DA:63,3
DA:64,1
LF:29
LH:29
BRF:0
BRH:0
end_of_record
TN:
SF:src/forum/threads/threads.service.ts
FN:11,(anonymous_2)
FN:16,(anonymous_3)
FN:23,(anonymous_4)
FN:33,(anonymous_5)
FN:52,(anonymous_6)
FN:62,(anonymous_7)
FN:67,(anonymous_8)
FNF:7
FNH:7
FNDA:1,(anonymous_2)
FNDA:1,(anonymous_3)
FNDA:6,(anonymous_4)
FNDA:1,(anonymous_5)
FNDA:2,(anonymous_6)
FNDA:1,(anonymous_7)
FNDA:1,(anonymous_8)
DA:1,4
DA:2,4
DA:5,4
DA:6,4
DA:10,4
DA:12,1
DA:13,1
DA:17,1
DA:24,6
DA:27,6
DA:28,1
DA:30,5
DA:34,1
DA:35,1
DA:37,1
DA:53,2
DA:54,2
DA:55,2
DA:56,1
DA:59,1
DA:63,1
DA:64,1
DA:68,1
DA:69,1
LF:24
LH:24
BRDA:27,0,0,1
BRDA:27,0,1,5
BRDA:55,1,0,1
BRDA:55,1,1,1
BRDA:55,2,0,2
BRDA:55,2,1,1
BRF:6
BRH:6
end_of_record
TN:
SF:src/forum/threads/dto/create-thread.dto.ts
FNF:0
FNH:0
DA:1,3
DA:3,3
DA:6,3
DA:10,3
LF:4
LH:4
BRF:0
BRH:0
end_of_record
TN:
SF:src/forum/threads/dto/set-lock-status.dto.ts
FNF:0
FNH:0
DA:1,3
DA:3,3
DA:5,3
LF:3
LH:3
BRF:0
BRH:0
end_of_record
TN:
SF:src/forum/threads/dto/update-thread.dto.ts
FNF:0
FNH:0
DA:1,3
DA:3,3
DA:7,3
LF:3
LH:3
BRF:0
BRH:0
end_of_record
TN:
SF:src/games/games.controller.ts
FN:15,(anonymous_4)
FN:19,(anonymous_5)
FN:26,(anonymous_6)
FN:33,(anonymous_7)
FN:40,(anonymous_8)
FNF:5
FNH:5
FNDA:1,(anonymous_4)
FNDA:2,(anonymous_5)
FNDA:1,(anonymous_6)
FNDA:1,(anonymous_7)
FNDA:1,(anonymous_8)
DA:1,3
DA:2,3
DA:3,3
DA:4,3
DA:5,3
DA:6,3
DA:7,3
DA:9,3
DA:10,3
DA:11,3
DA:14,3
DA:15,1
DA:19,3
DA:20,2
DA:26,3
DA:27,1
DA:33,3
DA:34,1
DA:40,3
DA:41,1
LF:20
LH:20
BRF:0
BRH:0
end_of_record
TN:
SF:src/games/games.module.ts
FNF:0
FNH:0
DA:1,2
DA:2,2
DA:3,2
DA:10,2
LF:4
LH:4
BRF:0
BRH:0
end_of_record
TN:
SF:src/games/games.service.ts
FN:7,(anonymous_2)
FN:9,(anonymous_3)
FN:15,(anonymous_4)
FN:23,(anonymous_5)
FN:25,(anonymous_6)
FN:31,(anonymous_7)
FN:35,(anonymous_8)
FN:43,(anonymous_9)
FNF:8
FNH:8
FNDA:1,(anonymous_2)
FNDA:2,(anonymous_3)
FNDA:1,(anonymous_4)
FNDA:1,(anonymous_5)
FNDA:2,(anonymous_6)
FNDA:1,(anonymous_7)
FNDA:2,(anonymous_8)
FNDA:2,(anonymous_9)
DA:1,4
DA:3,4
DA:6,4
DA:7,1
DA:10,2
DA:14,2
DA:15,1
DA:18,1
DA:23,1
DA:25,2
DA:32,1
DA:36,2
DA:37,2
DA:38,1
DA:40,1
DA:44,2
DA:45,2
DA:46,1
DA:48,1
LF:19
LH:19
BRDA:14,0,0,1
BRDA:14,0,1,1
BRDA:37,1,0,1
BRDA:37,1,1,1
BRDA:45,2,0,1
BRDA:45,2,1,1
BRF:6
BRH:6
end_of_record
TN:
SF:src/games/dto/create-game.dto.ts
FNF:0
FNH:0
DA:1,3
DA:3,3
DA:6,3
DA:10,3
DA:14,3
LF:5
LH:5
BRF:0
BRH:0
end_of_record
TN:
SF:src/games/dto/update-game.dto.ts
FNF:0
FNH:0
DA:1,3
DA:2,3
DA:4,3
LF:3
LH:3
BRF:0
BRH:0
end_of_record
TN:
SF:src/prisma/prisma.module.ts
FNF:0
FNH:0
DA:1,2
DA:2,2
DA:9,2
LF:3
LH:3
BRF:0
BRH:0
end_of_record
TN:
SF:src/prisma/prisma.service.ts
FN:7,(anonymous_2)
FN:17,(anonymous_3)
FN:21,(anonymous_4)
FN:22,(anonymous_5)
FN:27,(anonymous_6)
FNF:5
FNH:5
FNDA:2,(anonymous_2)
FNDA:1,(anonymous_3)
FNDA:1,(anonymous_4)
FNDA:1,(anonymous_5)
FNDA:1,(anonymous_6)
DA:1,20
DA:2,20
DA:3,20
DA:6,20
DA:7,2
DA:8,2
DA:18,1
DA:22,1
DA:23,1
DA:28,1
LF:10
LH:10
BRF:0
BRH:0
end_of_record
TN:
SF:src/steam/steam.module.ts
FNF:0
FNH:0
DA:1,3
DA:2,3
DA:8,3
LF:3
LH:3
BRF:0
BRH:0
end_of_record
TN:
SF:src/steam/steam.service.ts
FN:16,(anonymous_3)
FN:18,(anonymous_4)
FN:39,(anonymous_5)
FN:50,(anonymous_6)
FN:60,(anonymous_7)
FNF:5
FNH:5
FNDA:5,(anonymous_3)
FNDA:5,(anonymous_4)
FNDA:2,(anonymous_5)
FNDA:1,(anonymous_6)
FNDA:1,(anonymous_7)
DA:1,7
DA:2,7
DA:3,7
DA:4,7
DA:13,7
DA:14,5
DA:16,5
DA:19,5
DA:20,5
DA:21,1
DA:22,1
DA:25,4
DA:26,4
DA:38,3
DA:39,3
DA:40,3
DA:41,2
DA:42,2
DA:45,1
DA:50,1
DA:52,1
DA:60,1
DA:65,1
DA:67,1
DA:69,1
LF:25
LH:25
BRDA:20,0,0,1
BRDA:20,0,1,4
BRDA:38,1,0,3
BRDA:38,1,1,1
BRDA:40,2,0,2
BRDA:40,2,1,1
BRF:6
BRH:6
end_of_record
TN:
SF:src/users/users.controller.ts
FN:9,(anonymous_4)
FN:13,(anonymous_5)
FNF:2
FNH:2
FNDA:1,(anonymous_4)
FNDA:1,(anonymous_5)
DA:1,4
DA:2,4
DA:3,4
DA:5,4
DA:8,4
DA:9,1
DA:13,4
DA:14,1
LF:8
LH:8
BRF:0
BRH:0
end_of_record
TN:
SF:src/users/users.module.ts
FNF:0
FNH:0
DA:1,3
DA:2,3
DA:3,3
DA:11,3
LF:4
LH:4
BRF:0
BRH:0
end_of_record
TN:
SF:src/users/users.service.ts
FN:7,(anonymous_2)
FN:9,(anonymous_3)
FN:13,(anonymous_4)
FN:17,(anonymous_5)
FN:28,(anonymous_6)
FN:32,(anonymous_7)
FN:45,(anonymous_8)
FN:49,(anonymous_9)
FNF:8
FNH:8
FNDA:1,(anonymous_2)
FNDA:1,(anonymous_3)
FNDA:1,(anonymous_4)
FNDA:1,(anonymous_5)
FNDA:1,(anonymous_6)
FNDA:1,(anonymous_7)
FNDA:1,(anonymous_8)
FNDA:1,(anonymous_9)
DA:1,8
DA:2,8
DA:3,8
DA:6,8
DA:7,1
DA:10,1
DA:14,1
DA:18,1
DA:29,1
DA:33,1
DA:42,1
DA:46,1
DA:50,1
LF:13
LH:13
BRF:0
BRH:0
end_of_record
